<?xml version="1.0" encoding="UTF-8"?>
<!-- Generated by org.testng.reporters.JUnitReportReporter -->
<testsuite hostname="Sudhayog" failures="0" tests="1" name="programs.Images" time="2.939" errors="0" timestamp="2020-10-02T00:29:36 SGT" skipped="0">
  <testcase classname="programs.Images" name="image" time="2.939"/>
  <system-out/>
</testsuite> <!-- programs.Images -->
