<?xml version="1.0" encoding="UTF-8"?>
<!-- Generated by org.testng.reporters.JUnitReportReporter -->
<testsuite hostname="Sudhayog" failures="0" tests="2" name="samplePrograms.MouseHover" time="1.826" errors="0" timestamp="2020-09-05T00:24:59 SGT" skipped="0">
  <testcase classname="samplePrograms.MouseHover" name="test1" time="1.543"/>
  <system-out/>
  <testcase classname="samplePrograms.MouseHover" name="test2" time="0.283"/>
  <system-out/>
</testsuite> <!-- samplePrograms.MouseHover -->
