<?xml version="1.0" encoding="UTF-8"?>
<!-- Generated by org.testng.reporters.JUnitReportReporter -->
<testsuite hostname="Sudhayog" failures="0" tests="1" name="samplePrograms.sortTable" time="1.887" errors="0" timestamp="2020-09-05T00:21:52 SGT" skipped="0">
  <testcase classname="samplePrograms.sortTable" name="sortTable" time="1.887"/>
  <system-out/>
</testsuite> <!-- samplePrograms.sortTable -->
