<?xml version="1.0" encoding="UTF-8"?>
<!-- Generated by org.testng.reporters.JUnitReportReporter -->
<testsuite hostname="Sudhayog" failures="0" tests="1" name="samplePrograms.Tooltip" time="1.488" errors="0" timestamp="2020-09-05T02:18:48 SGT" skipped="0">
  <testcase classname="samplePrograms.Tooltip" name="verifyTooltip" time="1.488"/>
  <system-out/>
</testsuite> <!-- samplePrograms.Tooltip -->
