<?xml version="1.0" encoding="UTF-8"?>
<!-- Generated by org.testng.reporters.JUnitReportReporter -->
<testsuite hostname="Sudhayog" failures="0" tests="1" name="programs.Hyperlinks" time="3.157" errors="0" timestamp="2020-10-02T00:29:36 SGT" skipped="0">
  <testcase classname="programs.Hyperlinks" name="hyperlinks" time="3.157"/>
  <system-out/>
</testsuite> <!-- programs.Hyperlinks -->
