<?xml version="1.0" encoding="UTF-8"?>
<!-- Generated by org.testng.reporters.JUnitReportReporter -->
<testsuite hostname="Sudhayog" failures="0" tests="1" name="programs.EditFields" time="1.863" errors="0" timestamp="2020-10-03T00:58:03 SGT" skipped="0">
  <testcase classname="programs.EditFields" name="editmethods" time="1.863"/>
  <system-out/>
</testsuite> <!-- programs.EditFields -->
