<?xml version="1.0" encoding="UTF-8"?>
<!-- Generated by org.testng.reporters.JUnitReportReporter -->
<testsuite hostname="Sudhayog" failures="0" tests="4" name="samplePrograms.ExplicitWait" time="5.359" errors="0" timestamp="2020-09-29T15:41:31 SGT" skipped="3">
  <testcase classname="samplePrograms.ExplicitWait" name="verifyBtnDisappearance" time="5.359"/>
  <system-out/>
  <testcase classname="samplePrograms.ExplicitWait" name="chkForButtonTextChanges">
    <skipped/>
  </testcase> <!-- chkForButtonTextChanges -->
  <system-out/>
  <testcase classname="samplePrograms.ExplicitWait" name="chkForAlertPresence">
    <skipped/>
  </testcase> <!-- chkForAlertPresence -->
  <system-out/>
  <testcase classname="samplePrograms.ExplicitWait" name="chkForBtnText">
    <skipped/>
  </testcase> <!-- chkForBtnText -->
  <system-out/>
</testsuite> <!-- samplePrograms.ExplicitWait -->
