<?xml version="1.0" encoding="UTF-8"?>
<!-- Generated by org.testng.reporters.JUnitReportReporter -->
<testsuite hostname="Sudhayog" failures="0" tests="1" name="programs.DropDown" time="2.454" errors="0" timestamp="2020-10-03T23:29:28 SGT" skipped="0">
  <testcase classname="programs.DropDown" name="dropdown" time="2.454"/>
  <system-out/>
</testsuite> <!-- programs.DropDown -->
